#
# A fatal error has been detected by the Java Runtime Environment:
#
#  Internal Error (classFileParser.cpp:3375), pid=2384, tid=4312
#  Error: ShouldNotReachHere()
#
# JRE version: 6.0_23-b05
# Java VM: Java HotSpot(TM) 64-Bit Server VM (19.0-b09 mixed mode windows-amd64 compressed oops)
# If you would like to submit a bug report, please visit:
#   http://java.sun.com/webapps/bugreport/crash.jsp
#

---------------  T H R E A D  ---------------

Current thread (0x000000000024b000):  JavaThread "Unknown thread" [_thread_in_vm, id=4312, stack(0x0000000002520000,0x0000000002620000)]

Stack: [0x0000000002520000,0x0000000002620000]
[error occurred during error reporting (printing stack bounds), id 0xc0000005]


---------------  P R O C E S S  ---------------

Java Threads: ( => current thread )

Other Threads:

=>0x000000000024b000 (exited) JavaThread "Unknown thread" [_thread_in_vm, id=4312, stack(0x0000000002520000,0x0000000002620000)]

VM state:not at safepoint (not fully initialized)

VM Mutex/Monitor currently owned by a thread: None

Dynamic libraries:
0x0000000000400000 - 0x000000000042e000 	C:\Program Files\Java\jre6\bin\javaw.exe
0x0000000077bf0000 - 0x0000000077d9b000 	C:\Windows\SYSTEM32\ntdll.dll
0x0000000077ad0000 - 0x0000000077bef000 	C:\Windows\system32\kernel32.dll
0x000007fefde70000 - 0x000007fefdedb000 	C:\Windows\system32\KERNELBASE.dll
0x000007fefec10000 - 0x000007fefeceb000 	C:\Windows\system32\ADVAPI32.dll
0x000007fefe7a0000 - 0x000007fefe83f000 	C:\Windows\system32\msvcrt.dll
0x000007fefdf20000 - 0x000007fefdf3f000 	C:\Windows\SYSTEM32\sechost.dll
0x000007fefe910000 - 0x000007fefea3e000 	C:\Windows\system32\RPCRT4.dll
0x00000000779d0000 - 0x0000000077aca000 	C:\Windows\system32\USER32.dll
0x000007fefe730000 - 0x000007fefe797000 	C:\Windows\system32\GDI32.dll
0x000007fefe900000 - 0x000007fefe90e000 	C:\Windows\system32\LPK.dll
0x000007fefe3d0000 - 0x000007fefe49a000 	C:\Windows\system32\USP10.dll
0x000007feffc70000 - 0x000007feffc9e000 	C:\Windows\system32\IMM32.DLL
0x000007fefe5d0000 - 0x000007fefe6d9000 	C:\Windows\system32\MSCTF.dll
0x000000006fa00000 - 0x000000006fa3f000 	C:\PROGRA~2\Sophos\SOPHOS~1\SOPHOS~2.DLL
0x0000000077dc0000 - 0x0000000077dc7000 	C:\Windows\system32\PSAPI.DLL
0x000000006d7f0000 - 0x000000006dee0000 	C:\Program Files\Java\jre6\bin\server\jvm.dll
0x000007fefbca0000 - 0x000007fefbcdb000 	C:\Windows\system32\WINMM.dll
0x000000006d760000 - 0x000000006d76e000 	C:\Program Files\Java\jre6\bin\verify.dll
0x000000006d3b0000 - 0x000000006d3d7000 	C:\Program Files\Java\jre6\bin\java.dll
0x000000006d310000 - 0x000000006d31a000 	C:\Program Files\Java\jre6\bin\hpi.dll
0x000000006d7b0000 - 0x000000006d7c2000 	C:\Program Files\Java\jre6\bin\zip.dll

VM Arguments:
jvm_args: -Dfile.encoding=Cp1252 -Xbootclasspath:C:\Program Files (x86)\Android\android-sdk-windows\platforms\android-10\android.jar 
java_command: noah.freedman.sensorTest.DataCompare
Launcher Type: SUN_STANDARD

Environment Variables:
CLASSPATH=.;C:\Program Files (x86)\Java\jre6\lib\ext\QTJava.zip
PATH=C:\Windows\system32;C:\Windows;C:\Windows\System32\Wbem;C:\Windows\System32\WindowsPowerShell\v1.0\;C:\Program Files (x86)\Common Files\Roxio Shared\DLLShared\;C:\Program Files (x86)\Autodesk\Backburner\;C:\Program Files (x86)\Common Files\Autodesk Shared\;C:\Program Files\Common Files\Autodesk Shared\;C:\Program Files (x86)\QuickTime\QTSystem\;C:\Program Files\Java\jdk1.6.0_23\bin\;C:\Program Files\MATLAB\R2010a\bin;C:\Program Files (x86)\Calibre2\;C:\Program Files (x86)\Android\android-sdk-windows\tools\
USERNAME=Noah
OS=Windows_NT
PROCESSOR_IDENTIFIER=Intel64 Family 6 Model 23 Stepping 10, GenuineIntel



---------------  S Y S T E M  ---------------

OS: Windows 7 Build 7600 

CPU:total 2 (2 cores per cpu, 1 threads per core) family 6 model 23 stepping 10, cmov, cx8, fxsr, mmx, sse, sse2, sse3, ssse3, sse4.1

Memory: 4k page, physical 4125548k(2306044k free), swap 8249196k(5878868k free)

vm_info: Java HotSpot(TM) 64-Bit Server VM (19.0-b09) for windows-amd64 JRE (1.6.0_23-b05), built on Nov 13 2010 02:43:42 by "java_re" with MS VC++ 8.0 (VS2005)

time: Mon Apr 18 23:24:22 2011
elapsed time: 0 seconds

